[21Apr2026 13:27:46.688] [main/INFO] [cpw.mods.modlauncher.Launcher/MODLAUNCHER]: ModLauncher running: args [--launchTarget, forgeclientdev, --version, 21.1.224, --assetIndex, asset-index, --assetsDir, C:\Users\jackb\.gradle\caches\minecraft\assets, --gameDir, ., --fml.fmlVersion, 4.0.42, --fml.mcVersion, 1.21.1, --fml.neoForgeVersion, 21.1.224, --fml.neoFormVersion, 20240808.144430]
[21Apr2026 13:27:46.691] [main/INFO] [cpw.mods.modlauncher.Launcher/MODLAUNCHER]: JVM identified as Eclipse Adoptium OpenJDK 64-Bit Server VM 21.0.10+7-LTS
[21Apr2026 13:27:46.692] [main/INFO] [cpw.mods.modlauncher.Launcher/MODLAUNCHER]: ModLauncher 11.0.5+main.901c6ea8 starting: java version 21.0.10 by Eclipse Adoptium; OS Windows 11 arch amd64 version 10.0
[21Apr2026 13:27:46.865] [main/INFO] [net.neoforged.fml.loading.ImmediateWindowHandler/]: Loading ImmediateWindowProvider fmlearlywindow
[21Apr2026 13:27:47.019] [main/INFO] [EARLYDISPLAY/]: Trying GL version 4.6
[21Apr2026 13:27:47.199] [main/INFO] [EARLYDISPLAY/]: Requested GL version 4.6 got version 4.6
[21Apr2026 13:27:47.265] [main/INFO] [mixin/]: SpongePowered MIXIN Subsystem Version=0.8.7 Source=union:/C:/Users/jackb/.gradle/caches/modules-2/files-2.1/net.fabricmc/sponge-mixin/0.15.2+mixin.0.8.7/2af2f021d8e02a0220dc27a7a72b4666d66d44ca/sponge-mixin-0.15.2+mixin.0.8.7.jar%23142!/ Service=ModLauncher Env=CLIENT
[21Apr2026 13:27:47.350] [main/INFO] [net.neoforged.fml.loading.moddiscovery.ModDiscoverer/SCAN]: Found mod file "neoforge-21.1.224.jar" [locator: neoforge devenv provider ([C:\Users\jackb\IdeaProjects\crows-nest\.gradle\repositories\ng_dummy_ng\net\neoforged\neoforge\21.1.224\neoforge-21.1.224.jar])]
[21Apr2026 13:27:47.352] [pool-2-thread-1/INFO] [EARLYDISPLAY/]: GL info: AMD Radeon 780M Graphics GL version 4.6.0 Core Profile Context 23.20.38.231124, ATI Technologies Inc.
[21Apr2026 13:27:47.371] [main/INFO] [net.neoforged.fml.loading.moddiscovery.ModDiscoverer/SCAN]: Found mod file "neoforge-21.1.224.jar" [locator: neoforge devenv provider ([C:\Users\jackb\IdeaProjects\crows-nest\.gradle\repositories\ng_dummy_ng\net\neoforged\neoforge\21.1.224\neoforge-21.1.224.jar])]
[21Apr2026 13:27:47.380] [main/INFO] [net.neoforged.fml.loading.moddiscovery.ModDiscoverer/SCAN]: Found mod file "main" [locator: userdev mods and services, reader: mod manifest]
[21Apr2026 13:27:47.389] [main/INFO] [net.neoforged.fml.loading.moddiscovery.ModDiscoverer/SCAN]: Found mod file "neoforge-21.1.224.jar" [locator: userdev mods and services, reader: mod manifest]
[21Apr2026 13:27:47.392] [main/INFO] [net.neoforged.fml.loading.moddiscovery.ModDiscoverer/SCAN]: Found mod file "sable-neoforge-1.21.1-1.0.6.jar" [locator: userdev mods and services, reader: mod manifest]
[21Apr2026 13:27:47.401] [main/INFO] [net.neoforged.fml.loading.moddiscovery.ModDiscoverer/SCAN]: Found mod file "create-1.21.1-6.0.9-215.jar" [locator: userdev mods and services, reader: mod manifest]
[21Apr2026 13:27:47.410] [main/INFO] [net.neoforged.fml.loading.moddiscovery.ModDiscoverer/SCAN]: Found mod file "ponder-neoforge-1.0.81+mc1.21.1.jar" [locator: userdev mods and services, reader: mod manifest]
[21Apr2026 13:27:47.414] [main/INFO] [net.neoforged.fml.loading.moddiscovery.ModDiscoverer/SCAN]: Found mod file "flywheel-neoforge-1.21.1-1.0.6.jar" [locator: userdev mods and services, reader: mod manifest]
[21Apr2026 13:27:47.417] [main/INFO] [net.neoforged.fml.loading.moddiscovery.ModDiscoverer/SCAN]: Found mod file "sable-companion-common-1.21.1-1.4.2.jar" [locator: userdev mods and services, reader: mod manifest]
[21Apr2026 13:27:47.421] [main/INFO] [net.neoforged.fml.loading.moddiscovery.ModDiscoverer/SCAN]: Found mod file "veil-neoforge-1.21.1-3.6.0.jar" [locator: userdev mods and services, reader: mod manifest]
[21Apr2026 13:27:47.431] [main/INFO] [net.neoforged.fml.loading.moddiscovery.ModDiscoverer/SCAN]: Found gamelibrary file "Registrate-MC1.21-1.3.0+67.jar" [locator: userdev mods and services, reader: mod manifest]
[21Apr2026 13:27:47.488] [main/INFO] [net.neoforged.fml.loading.moddiscovery.ModDiscoverer/SCAN]: Found gamelibrary file "mixinextras-neoforge-0.5.3.jar" [locator: userdev mods and services, reader: mod manifest]
[21Apr2026 13:27:47.956] [main/WARN] [net.neoforged.jarjar.selection.JarSelector/]: Attempted to select a dependency jar for JarJar which was passed in as source: library:mixinextras.neoforge. Using Mod File: C:\Users\jackb\.gradle\caches\modules-2\files-2.1\io.github.llamalad7\mixinextras-neoforge\0.5.3\a0919957808de97707c5fb4ce073e66aeef3e187\mixinextras-neoforge-0.5.3.jar
[21Apr2026 13:27:47.956] [main/WARN] [net.neoforged.jarjar.selection.JarSelector/]: Attempted to select a dependency jar for JarJar which was passed in as source: veil. Using Mod File: C:\Users\jackb\.gradle\caches\modules-2\files-2.1\foundry.veil\veil-neoforge-1.21.1\3.6.0\945cb6848b9ab263f7043bb0b5e5fdf8b676d15d\veil-neoforge-1.21.1-3.6.0.jar
[21Apr2026 13:27:47.956] [main/WARN] [net.neoforged.jarjar.selection.JarSelector/]: Attempted to select a dependency jar for JarJar which was passed in as source: ponder. Using Mod File: C:\Users\jackb\.gradle\caches\modules-2\files-2.1\net.createmod.ponder\ponder-neoforge\1.0.81+mc1.21.1\33d5fda0be2726256eb4722f1da2dad5d073d08d\ponder-neoforge-1.0.81+mc1.21.1.jar
[21Apr2026 13:27:47.956] [main/WARN] [net.neoforged.jarjar.selection.JarSelector/]: Attempted to select a dependency jar for JarJar which was passed in as source: library:Registrate.MC1._21._67. Using Mod File: C:\Users\jackb\.gradle\caches\modules-2\files-2.1\com.tterrag.registrate\Registrate\MC1.21-1.3.0+67\66ddc4cd56472fea1ea1a24182901e6c92a51c0a\Registrate-MC1.21-1.3.0+67.jar
[21Apr2026 13:27:47.956] [main/WARN] [net.neoforged.jarjar.selection.JarSelector/]: Attempted to select a dependency jar for JarJar which was passed in as source: sablecompanion. Using Mod File: C:\Users\jackb\.gradle\caches\modules-2\files-2.1\dev.ryanhcode.sable-companion\sable-companion-common-1.21.1\1.4.2\555d1f8a530502c4a4bb8fea3f73a82bebfad1f8\sable-companion-common-1.21.1-1.4.2.jar
[21Apr2026 13:27:47.956] [main/WARN] [net.neoforged.jarjar.selection.JarSelector/]: Attempted to select a dependency jar for JarJar which was passed in as source: flywheel. Using Mod File: C:\Users\jackb\.gradle\caches\modules-2\files-2.1\dev.engine-room.flywheel\flywheel-neoforge-1.21.1\1.0.6\a943872ad0bdd4458d818d8d7dc123fb250eb744\flywheel-neoforge-1.21.1-1.0.6.jar
[21Apr2026 13:27:47.956] [main/INFO] [net.neoforged.fml.loading.moddiscovery.locators.JarInJarDependencyLocator/]: Found 8 dependencies adding them to mods collection
[21Apr2026 13:27:47.956] [main/INFO] [net.neoforged.fml.loading.moddiscovery.ModDiscoverer/SCAN]: Found library file "imgui-java-binding-1.88.0.jar" [parent: veil-neoforge-1.21.1-3.6.0.jar, locator: jarinjar]
[21Apr2026 13:27:47.956] [main/INFO] [net.neoforged.fml.loading.moddiscovery.ModDiscoverer/SCAN]: Found library file "imgui-java-natives-windows-1.88.0.jar" [parent: veil-neoforge-1.21.1-3.6.0.jar, locator: jarinjar]
[21Apr2026 13:27:47.956] [main/INFO] [net.neoforged.fml.loading.moddiscovery.ModDiscoverer/SCAN]: Found library file "glsl-processor-0.2.3.jar" [parent: veil-neoforge-1.21.1-3.6.0.jar, locator: jarinjar]
[21Apr2026 13:27:47.956] [main/INFO] [net.neoforged.fml.loading.moddiscovery.ModDiscoverer/SCAN]: Found library file "net.neoforged.neoforge-coremods-21.1.224.jar" [parent: neoforge-21.1.224.jar, locator: jarinjar, reader: mod manifest]
[21Apr2026 13:27:47.956] [main/INFO] [net.neoforged.fml.loading.moddiscovery.ModDiscoverer/SCAN]: Found library file "imgui-java-natives-macos-1.88.0.jar" [parent: veil-neoforge-1.21.1-3.6.0.jar, locator: jarinjar]
[21Apr2026 13:27:47.956] [main/INFO] [net.neoforged.fml.loading.moddiscovery.ModDiscoverer/SCAN]: Found library file "imgui-java-natives-linux-1.88.0.jar" [parent: veil-neoforge-1.21.1-3.6.0.jar, locator: jarinjar]
[21Apr2026 13:27:47.956] [main/INFO] [net.neoforged.fml.loading.moddiscovery.ModDiscoverer/SCAN]: Found library file "molang-compiler-3.1.1.19.jar" [parent: veil-neoforge-1.21.1-3.6.0.jar, locator: jarinjar]
[21Apr2026 13:27:47.956] [main/INFO] [net.neoforged.fml.loading.moddiscovery.ModDiscoverer/SCAN]: Found library file "imgui-java-lwjgl3-1.88.0.jar" [parent: veil-neoforge-1.21.1-3.6.0.jar, locator: jarinjar]
[21Apr2026 13:27:47.956] [main/INFO] [net.neoforged.fml.loading.moddiscovery.ModDiscoverer/]: 
     Mod List:
		Name Version (Mod Id)

		Create 6.0.9 (create)
		Crow's Nest 0.1.0 (crowsnest)
		Flywheel 1.0.6 (flywheel)
		Minecraft 1.21.1 (minecraft)
		NeoForge 21.1.224 (neoforge)
		Ponder 1.0.81+mc1.21.1 (ponder)
		Sable 1.0.6 (sable)
		Sable Companion 1.4.2 (sablecompanion)
		Veil 3.6.0 (veil)
[21Apr2026 13:27:48.517] [main/INFO] [mixin/]: Compatibility level set to JAVA_21
[21Apr2026 13:27:48.545] [main/INFO] [cpw.mods.modlauncher.LaunchServiceHandler/MODLAUNCHER]: Launching target 'forgeclientdev' with arguments [--version, 21.1.224, --gameDir, ., --assetsDir, C:\Users\jackb\.gradle\caches\minecraft\assets, --assetIndex, asset-index]
[21Apr2026 13:27:48.706] [main/WARN] [mixin/]: Reference map 'veil.refmap.json' for veil.debug.mixins.json could not be read. If this is a development environment you can ignore this message
[21Apr2026 13:27:48.707] [main/WARN] [mixin/]: Reference map 'veil.refmap.json' for veil.dynamicbuffer.mixins.json could not be read. If this is a development environment you can ignore this message
[21Apr2026 13:27:48.707] [main/WARN] [mixin/]: Reference map 'veil.refmap.json' for veil.fix.mixins.json could not be read. If this is a development environment you can ignore this message
[21Apr2026 13:27:48.708] [main/WARN] [mixin/]: Reference map 'veil.refmap.json' for veil.framebuffer.mixins.json could not be read. If this is a development environment you can ignore this message
[21Apr2026 13:27:48.708] [main/WARN] [mixin/]: Reference map 'veil.refmap.json' for veil.imgui.mixins.json could not be read. If this is a development environment you can ignore this message
[21Apr2026 13:27:48.708] [main/WARN] [mixin/]: Reference map 'veil.refmap.json' for veil.necromancer.mixins.json could not be read. If this is a development environment you can ignore this message
[21Apr2026 13:27:48.708] [main/WARN] [mixin/]: Reference map 'veil.refmap.json' for veil.performance.mixins.json could not be read. If this is a development environment you can ignore this message
[21Apr2026 13:27:48.708] [main/WARN] [mixin/]: Reference map 'veil.refmap.json' for veil.perspective.mixins.json could not be read. If this is a development environment you can ignore this message
[21Apr2026 13:27:48.710] [main/WARN] [mixin/]: Reference map 'veil.refmap.json' for veil.pipeline.mixins.json could not be read. If this is a development environment you can ignore this message
[21Apr2026 13:27:48.710] [main/WARN] [mixin/]: Reference map 'veil.refmap.json' for veil.quasar.mixins.json could not be read. If this is a development environment you can ignore this message
[21Apr2026 13:27:48.710] [main/WARN] [mixin/]: Reference map 'veil.refmap.json' for veil.registry.mixins.json could not be read. If this is a development environment you can ignore this message
[21Apr2026 13:27:48.710] [main/WARN] [mixin/]: Reference map 'veil.refmap.json' for veil.rendertype.mixins.json could not be read. If this is a development environment you can ignore this message
[21Apr2026 13:27:48.711] [main/WARN] [mixin/]: Reference map 'veil.refmap.json' for veil.resource.mixins.json could not be read. If this is a development environment you can ignore this message
[21Apr2026 13:27:48.711] [main/WARN] [mixin/]: Reference map 'veil.refmap.json' for veil.scheduler.mixins.json could not be read. If this is a development environment you can ignore this message
[21Apr2026 13:27:48.711] [main/WARN] [mixin/]: Reference map 'veil.refmap.json' for veil.shader.mixins.json could not be read. If this is a development environment you can ignore this message
[21Apr2026 13:27:48.712] [main/WARN] [mixin/]: Reference map 'veil.refmap.json' for veil.neoforge.mixins.json could not be read. If this is a development environment you can ignore this message
[21Apr2026 13:27:48.726] [main/WARN] [mixin/]: Reference map 'ponder.refmap.json' for ponder-common.mixins.json could not be read. If this is a development environment you can ignore this message
[21Apr2026 13:27:48.745] [main/INFO] [dev.ryanhcode.sable.sublevel.render.AbstractSableMixinPlugin/]: Using Vanilla renderer mixins
[21Apr2026 13:27:48.745] [main/INFO] [dev.ryanhcode.sable.sublevel.render.AbstractSableMixinPlugin/]: Using Vanilla renderer mixins
[21Apr2026 13:27:49.202] [main/WARN] [mixin/]: Error loading class: net/irisshaders/iris/pipeline/PipelineManager (java.lang.ClassNotFoundException: net.irisshaders.iris.pipeline.PipelineManager)
[21Apr2026 13:27:49.205] [main/WARN] [mixin/]: @Mixin target net.irisshaders.iris.pipeline.PipelineManager was not found veil.neoforge.mixins.json:client.perspective.iris.PipelineManagerMixin from mod veil
[21Apr2026 13:27:49.635] [main/WARN] [mixin/]: Error loading class: xaero/map/gui/GuiMap (java.lang.ClassNotFoundException: xaero.map.gui.GuiMap)
[21Apr2026 13:27:49.635] [main/WARN] [mixin/]: @Mixin target xaero.map.gui.GuiMap was not found create.mixins.json:compat.xaeros.XaeroFullscreenMapAccessor from mod create
[21Apr2026 13:27:49.635] [main/WARN] [mixin/]: Error loading class: xaero/map/gui/GuiMap (java.lang.ClassNotFoundException: xaero.map.gui.GuiMap)
[21Apr2026 13:27:49.637] [main/WARN] [mixin/]: @Mixin target xaero.map.gui.GuiMap was not found create.mixins.json:compat.xaeros.XaeroFullscreenMapMixin from mod create
[21Apr2026 13:27:49.741] [main/INFO] [MixinExtras|Service/]: Initializing MixinExtras via com.llamalad7.mixinextras.service.MixinExtrasServiceImpl(version=0.5.3).
[21Apr2026 13:27:52.011] [Datafixer Bootstrap/INFO] [com.mojang.datafixers.DataFixerBuilder/]: 229 Datafixer optimizations took 337 milliseconds
[21Apr2026 13:27:57.685] [main/WARN] [net.minecraft.commands.Commands/]: Ambiguity between arguments [teleport, location] and [teleport, destination] with inputs: [0.1 -0.5 .9, 0 0 0]
[21Apr2026 13:27:57.687] [main/WARN] [net.minecraft.commands.Commands/]: Ambiguity between arguments [teleport, location] and [teleport, targets] with inputs: [0.1 -0.5 .9, 0 0 0]
[21Apr2026 13:27:57.689] [main/WARN] [net.minecraft.commands.Commands/]: Ambiguity between arguments [teleport, destination] and [teleport, targets] with inputs: [Player, 0123, @e, dd12be42-52a9-4a91-a8a1-11c01849e498]
[21Apr2026 13:27:57.691] [main/WARN] [net.minecraft.commands.Commands/]: Ambiguity between arguments [teleport, targets] and [teleport, destination] with inputs: [Player, 0123, dd12be42-52a9-4a91-a8a1-11c01849e498]
[21Apr2026 13:27:57.692] [main/WARN] [net.minecraft.commands.Commands/]: Ambiguity between arguments [teleport, targets, location] and [teleport, targets, destination] with inputs: [0.1 -0.5 .9, 0 0 0]
[21Apr2026 13:27:57.857] [Render thread/WARN] [net.minecraft.server.packs.VanillaPackResourcesBuilder/]: Assets URL 'union:/C:/Users/jackb/IdeaProjects/crows-nest/.gradle/repositories/ng_dummy_ng/net/neoforged/neoforge/21.1.224/neoforge-21.1.224.jar%23195!/assets/.mcassetsroot' uses unexpected schema
[21Apr2026 13:27:57.858] [Render thread/WARN] [net.minecraft.server.packs.VanillaPackResourcesBuilder/]: Assets URL 'union:/C:/Users/jackb/IdeaProjects/crows-nest/.gradle/repositories/ng_dummy_ng/net/neoforged/neoforge/21.1.224/neoforge-21.1.224.jar%23195!/data/.mcassetsroot' uses unexpected schema
[21Apr2026 13:27:57.881] [Render thread/INFO] [com.mojang.authlib.yggdrasil.YggdrasilAuthenticationService/]: Environment: Environment[sessionHost=https://sessionserver.mojang.com, servicesHost=https://api.minecraftservices.com, name=PROD]
[21Apr2026 13:27:57.891] [Render thread/INFO] [net.minecraft.client.Minecraft/]: Setting user: Dev
[21Apr2026 13:27:57.994] [Render thread/INFO] [net.minecraft.client.Minecraft/]: Backend library: LWJGL version 3.3.3+5
[21Apr2026 13:27:58.550] [modloading-worker-0/INFO] [Veil/]: Veil is initializing.
[21Apr2026 13:27:58.601] [modloading-worker-0/INFO] [net.neoforged.neoforge.common.NeoForgeMod/NEOFORGE-MOD]: NeoForge mod loading, version 21.1.224, for MC 1.21.1
[21Apr2026 13:27:58.888] [modloading-worker-0/INFO] [com.simibubi.create.Create/]: Create 6.0.9 initializing! Commit hash: e2de2b9a02406ec33ff6d8851ed6f0b56240b6ec
[21Apr2026 13:27:58.916] [modloading-worker-0/INFO] [dev.ryanhcode.sable.Sable/]: Sable loaded!
[21Apr2026 13:27:58.960] [modloading-worker-0/WARN] [dev.ryanhcode.sable.Sable/]: NOTE: Sable is loaded with Flywheel. Sable contains extensive shader overrides and a full light-storage replacement. Expect this to cause compatibility issues. If issues arise, please report them to the Sable issue tracker (https://github.com/ryanhcode/sable/issues) instead of the Flywheel issue tracker.
[21Apr2026 13:27:59.113] [modloading-worker-0/INFO] [dev.wren.crowsnest.CrowsNest/]: Crow's Nest (crowsnest) initialized!
[21Apr2026 13:28:02.023] [Render thread/INFO] [Veil/]: GL Debug supported
[21Apr2026 13:28:02.291] [Render thread/INFO] [net.neoforged.neoforge.gametest.GameTestHooks/]: Enabled Gametest Namespaces: [crowsnest]
[21Apr2026 13:28:02.735] [Render thread/INFO] [net.minecraft.server.packs.resources.ReloadableResourceManager/]: Reloading ResourceManager: vanilla, mod_resources, mod/veil, mod/sablecompanion, mod/flywheel, mod/ponder, mod/create, mod/neoforge, mod/sable, mod/crowsnest
[21Apr2026 13:28:02.884] [Worker-Main-14/INFO] [net.minecraft.client.gui.font.providers.UnihexProvider/]: Found unifont_all_no_pua-15.1.05.hex, loading
[21Apr2026 13:28:03.028] [Worker-Main-4/INFO] [net.minecraft.client.gui.font.providers.UnihexProvider/]: Found unifont_jp_patch-15.1.05.hex, loading
[21Apr2026 13:28:05.170] [Render thread/INFO] [Veil/]: Loaded 0 shader modifications
[21Apr2026 13:28:05.432] [Render thread/INFO] [Veil/]: Loaded 17 shaders from: pinwheel/shaders/program
[21Apr2026 13:28:05.510] [Worker-Main-1/INFO] [PonderIndex/]: Registering Ponder Scenes took 54.93 ms
[21Apr2026 13:28:05.514] [Worker-Main-1/INFO] [PonderIndex/]: Registering Ponder Tags took 3.495 ms
[21Apr2026 13:28:05.601] [Render thread/WARN] [net.minecraft.client.sounds.SoundEngine/]: Missing sound for event: minecraft:item.goat_horn.play
[21Apr2026 13:28:05.601] [Render thread/WARN] [net.minecraft.client.sounds.SoundEngine/]: Missing sound for event: minecraft:entity.goat.screaming.horn_break
[21Apr2026 13:28:05.748] [Render thread/INFO] [com.mojang.blaze3d.audio.Library/]: OpenAL initialized on device OpenAL Soft on Headphones (AirPods - Find My)
[21Apr2026 13:28:05.748] [Render thread/INFO] [net.minecraft.client.sounds.SoundEngine/SOUNDS]: Sound engine started
[21Apr2026 13:28:05.832] [Render thread/INFO] [net.minecraft.client.renderer.texture.TextureAtlas/]: Created: 2048x1024x4 minecraft:textures/atlas/blocks.png-atlas
[21Apr2026 13:28:05.847] [Render thread/INFO] [net.minecraft.client.renderer.texture.TextureAtlas/]: Created: 256x256x4 minecraft:textures/atlas/signs.png-atlas
[21Apr2026 13:28:05.848] [Render thread/INFO] [net.minecraft.client.renderer.texture.TextureAtlas/]: Created: 512x512x4 minecraft:textures/atlas/shield_patterns.png-atlas
[21Apr2026 13:28:05.850] [Render thread/INFO] [net.minecraft.client.renderer.texture.TextureAtlas/]: Created: 512x512x4 minecraft:textures/atlas/banner_patterns.png-atlas
[21Apr2026 13:28:05.852] [Render thread/INFO] [net.minecraft.client.renderer.texture.TextureAtlas/]: Created: 2048x1024x4 minecraft:textures/atlas/armor_trims.png-atlas
[21Apr2026 13:28:05.862] [Render thread/INFO] [net.minecraft.client.renderer.texture.TextureAtlas/]: Created: 128x64x4 minecraft:textures/atlas/decorated_pot.png-atlas
[21Apr2026 13:28:05.862] [Render thread/INFO] [net.minecraft.client.renderer.texture.TextureAtlas/]: Created: 256x256x4 minecraft:textures/atlas/chest.png-atlas
[21Apr2026 13:28:05.862] [Render thread/INFO] [net.minecraft.client.renderer.texture.TextureAtlas/]: Created: 512x256x4 minecraft:textures/atlas/shulker_boxes.png-atlas
[21Apr2026 13:28:05.862] [Render thread/INFO] [net.minecraft.client.renderer.texture.TextureAtlas/]: Created: 512x256x4 minecraft:textures/atlas/beds.png-atlas
[21Apr2026 13:28:05.911] [Render thread/INFO] [net.minecraft.client.renderer.texture.TextureAtlas/]: Created: 512x256x0 minecraft:textures/atlas/particles.png-atlas
[21Apr2026 13:28:05.913] [Render thread/INFO] [net.minecraft.client.renderer.texture.TextureAtlas/]: Created: 512x256x0 minecraft:textures/atlas/paintings.png-atlas
[21Apr2026 13:28:05.913] [Render thread/INFO] [net.minecraft.client.renderer.texture.TextureAtlas/]: Created: 256x128x0 minecraft:textures/atlas/mob_effects.png-atlas
[21Apr2026 13:28:05.913] [Render thread/INFO] [net.minecraft.client.renderer.texture.TextureAtlas/]: Created: 64x64x0 minecraft:textures/atlas/map_decorations.png-atlas
[21Apr2026 13:28:05.913] [Render thread/INFO] [net.minecraft.client.renderer.texture.TextureAtlas/]: Created: 1024x512x0 minecraft:textures/atlas/gui.png-atlas
[21Apr2026 13:28:05.937] [Render thread/WARN] [net.minecraft.client.renderer.ShaderInstance/]: Shader rendertype_entity_translucent_emissive could not find sampler named Sampler2 in the specified shader program.
[21Apr2026 13:28:05.999] [Render thread/INFO] [Veil/]: Loaded 2 ImGui fonts
[21Apr2026 13:28:05.999] [Render thread/INFO] [Veil/]: Loaded 2 framebuffers
[21Apr2026 13:28:06.038] [Render thread/INFO] [Veil/]: Loaded 3 post pipelines
[21Apr2026 13:28:06.058] [Render thread/INFO] [Veil/]: Loaded 4 render types
[21Apr2026 13:28:06.058] [Render thread/INFO] [Veil/]: Enabled bloom pipeline
[21Apr2026 13:28:06.060] [Render thread/INFO] [Veil/]: Loaded 0 quasar particles
[21Apr2026 13:28:06.061] [Render thread/INFO] [Veil/]: Loaded 0 templates
[21Apr2026 13:28:06.061] [Render thread/INFO] [Veil/]: Loaded 0 modules
[21Apr2026 13:28:06.107] [Render thread/INFO] [flywheel/backend/shaders/]: Loaded 77 shader sources in 31.609 ms
[21Apr2026 13:28:06.168] [Render thread/INFO] [Veil/]: Compiled 58 vanilla shaders in 180.0 ms
[21Apr2026 13:28:06.180] [Render thread/INFO] [com.simibubi.create.Create/]: Loaded 58 train hat configurations.
[21Apr2026 13:28:06.182] [Render thread/INFO] [net.neoforged.neoforge.client.entity.animation.json.AnimationLoader/]: Loaded 0 entity animations
[21Apr2026 13:28:06.188] [Render thread/INFO] [Veil/]: Built veil:jetbrains_mono
[21Apr2026 13:28:06.195] [Render thread/INFO] [Veil/]: Built veil:remixicon
[21Apr2026 13:28:07.239] [Render thread/INFO] [Veil/]: Finished uploading vanilla shaders
[21Apr2026 13:31:55.479] [Render thread/INFO] [com.simibubi.create.Create/]: Created 157 recipes which will be injected into the game
[21Apr2026 13:31:55.483] [Render thread/INFO] [com.simibubi.create.Create/]: Created 0 tags which will be injected into the game
[21Apr2026 13:31:56.313] [Render thread/INFO] [net.minecraft.world.item.crafting.RecipeManager/]: Loaded 2783 recipes
[21Apr2026 13:31:56.507] [Render thread/INFO] [net.minecraft.advancements.AdvancementTree/]: Loaded 2474 advancements
[21Apr2026 13:31:57.245] [Server thread/INFO] [net.minecraft.client.server.IntegratedServer/]: Starting integrated minecraft server version 1.21.1
[21Apr2026 13:31:57.245] [Server thread/INFO] [net.minecraft.server.MinecraftServer/]: Generating keypair
[21Apr2026 13:31:57.423] [Server thread/INFO] [dev.ryanhcode.sable.Sable/]: Assigned physics scene ID 0 to minecraft:overworld
[21Apr2026 13:31:57.539] [Server thread/INFO] [dev.ryanhcode.sable.Sable/]: Assigned physics scene ID 1 to minecraft:the_end
[21Apr2026 13:31:57.561] [Server thread/INFO] [dev.ryanhcode.sable.Sable/]: Assigned physics scene ID 2 to minecraft:the_nether
[21Apr2026 13:31:57.573] [Server thread/INFO] [net.minecraft.server.MinecraftServer/]: Preparing start region for dimension minecraft:overworld
[21Apr2026 13:31:57.736] [progressListener/INFO] [net.minecraft.server.level.progress.LoggerChunkProgressListener/]: Preparing spawn area: 0%
[21Apr2026 13:31:57.792] [Server thread/INFO] [net.neoforged.neoforge.server.permission.PermissionAPI/]: Successfully initialized permission handler neoforge:default_handler
[21Apr2026 13:31:57.798] [progressListener/INFO] [net.minecraft.server.level.progress.LoggerChunkProgressListener/]: Time elapsed: 217 ms
[21Apr2026 13:31:57.930] [Server thread/INFO] [net.minecraft.client.server.IntegratedServer/]: Changing view distance to 12, from 10
[21Apr2026 13:31:57.930] [Server thread/INFO] [net.minecraft.client.server.IntegratedServer/]: Changing simulation distance to 12, from 0
[21Apr2026 13:31:58.072] [Render thread/INFO] [dev.ryanhcode.sable.Sable/]: Adding local UDP server channel future
[21Apr2026 13:31:58.077] [Render thread/WARN] [io.netty.bootstrap.Bootstrap/]: Unknown channel option 'SO_BROADCAST' for channel '[id: 0x8be7588a]'
[21Apr2026 13:31:58.082] [Netty Server IO #1/INFO] [dev.ryanhcode.sable.Sable/]: Server UDP channel active
[21Apr2026 13:31:58.100] [Render thread/INFO] [dev.ryanhcode.sable.Sable/]: Starting local client UDP channel future
[21Apr2026 13:31:58.102] [Netty Local Client IO #1/INFO] [dev.ryanhcode.sable.Sable/]: Client UDP channel active
[21Apr2026 13:31:58.243] [Render thread/INFO] [com.simibubi.create.Create/]: Created 157 recipes which will be injected into the game
[21Apr2026 13:31:58.245] [Render thread/INFO] [com.simibubi.create.Create/]: Created 0 tags which will be injected into the game
[21Apr2026 13:31:58.472] [Server thread/INFO] [net.minecraft.server.players.PlayerList/]: Dev[local:E:b54f300c] logged in with entity id 1 at (15.705439618393573, -60.0, 6.646482653488751)
[21Apr2026 13:31:58.476] [Server thread/INFO] [dev.ryanhcode.sable.Sable/]: Beginning attempted authentication with player Dev
[21Apr2026 13:31:58.543] [Server thread/INFO] [net.minecraft.server.MinecraftServer/]: Dev joined the game
[21Apr2026 13:31:59.255] [Render thread/INFO] [flywheel/]: Started 10 worker threads
[21Apr2026 13:31:59.641] [Render thread/INFO] [net.minecraft.advancements.AdvancementTree/]: Loaded 7 advancements
[21Apr2026 13:31:59.945] [Render thread/INFO] [Veil/]: Multi-Bind supported, using core
[21Apr2026 13:32:08.643] [Render thread/INFO] [net.minecraft.client.gui.components.ChatComponent/]: [System] [CHAT] orientation returned value of type: Quaterniond\nX: -0, Y: 0.00002, Z: 0, W: 1\nAngle: 0
[21Apr2026 13:32:12.357] [Render thread/INFO] [net.minecraft.client.gui.components.ChatComponent/]: [System] [CHAT] orientation returned value of type: Quaterniond\nX: -0, Y: 0.00002, Z: 0, W: 1\nAngle: 0
[21Apr2026 13:32:13.895] [Server thread/INFO] [net.minecraft.client.server.IntegratedServer/]: Saving and pausing game...
[21Apr2026 13:32:13.910] [Server thread/INFO] [net.minecraft.server.MinecraftServer/]: Saving chunks for level 'ServerLevel[New World]'/minecraft:overworld
[21Apr2026 13:32:13.910] [Server thread/INFO] [dev.ryanhcode.sable.Sable/]: Saving sub-levels for level 'ServerLevel[New World]'/minecraft:overworld
[21Apr2026 13:32:13.922] [Server thread/INFO] [net.minecraft.server.MinecraftServer/]: Saving chunks for level 'ServerLevel[New World]'/minecraft:the_end
[21Apr2026 13:32:13.922] [Server thread/INFO] [dev.ryanhcode.sable.Sable/]: Saving sub-levels for level 'ServerLevel[New World]'/minecraft:the_end
[21Apr2026 13:32:13.923] [Server thread/INFO] [net.minecraft.server.MinecraftServer/]: Saving chunks for level 'ServerLevel[New World]'/minecraft:the_nether
[21Apr2026 13:32:13.923] [Server thread/INFO] [dev.ryanhcode.sable.Sable/]: Saving sub-levels for level 'ServerLevel[New World]'/minecraft:the_nether
